2024-08-05 09:30:16,369 - flask_app - INFO - Deleted 0 rows from MenuItem table.
2024-08-05 09:30:16,690 - flask_app - INFO - Menu Items test data added!
2024-08-05 09:30:16,701 - flask_app - INFO - Deleted 0 rows from Admin table.
2024-08-05 09:30:17,124 - flask_app - INFO - Admins test data added!
2024-08-05 09:30:17,128 - flask_app - INFO - Deleted 0 rows from Member table.
2024-08-05 09:30:17,355 - flask_app - INFO - Members test data added!
2024-08-06 11:50:12,177 - flask_app - INFO - Deleted 0 rows from MenuItem table.
2024-08-06 11:50:12,473 - flask_app - INFO - Menu Items test data added!
2024-08-06 11:50:12,484 - flask_app - INFO - Deleted 0 rows from Admin table.
2024-08-06 11:50:12,740 - flask_app - INFO - Admins test data added!
2024-08-06 11:50:12,748 - flask_app - INFO - Deleted 0 rows from Member table.
2024-08-06 11:50:12,868 - flask_app - INFO - Members test data added!
2024-08-06 12:10:07,962 - flask_app - INFO - Deleted 9 rows from MenuItem table.
2024-08-06 12:10:08,226 - flask_app - INFO - Menu Items test data added!
2024-08-06 12:10:08,266 - flask_app - INFO - Deleted 2 rows from Admin table.
2024-08-06 12:10:08,479 - flask_app - INFO - Admins test data added!
2024-08-06 12:10:08,496 - flask_app - INFO - Deleted 2 rows from Member table.
2024-08-06 12:10:08,612 - flask_app - INFO - Members test data added!
2024-08-06 12:11:20,451 - flask_app - INFO - Deleted 9 rows from MenuItem table.
2024-08-06 12:11:20,698 - flask_app - INFO - Menu Items test data added!
2024-08-06 12:11:20,728 - flask_app - INFO - Deleted 2 rows from Admin table.
2024-08-06 12:11:20,971 - flask_app - INFO - Admins test data added!
2024-08-06 12:11:20,996 - flask_app - INFO - Deleted 2 rows from Member table.
2024-08-06 12:11:21,117 - flask_app - INFO - Members test data added!
2024-08-06 12:12:28,314 - flask_app - INFO - Deleted 9 rows from MenuItem table.
2024-08-06 12:12:28,568 - flask_app - INFO - Menu Items test data added!
2024-08-06 12:12:28,597 - flask_app - INFO - Deleted 2 rows from Admin table.
2024-08-06 12:12:28,817 - flask_app - INFO - Admins test data added!
2024-08-06 12:12:28,833 - flask_app - INFO - Deleted 2 rows from Member table.
2024-08-06 12:12:28,953 - flask_app - INFO - Members test data added!
2024-08-06 12:13:31,433 - flask_app - INFO - Deleted 9 rows from MenuItem table.
2024-08-06 12:13:31,646 - flask_app - INFO - Menu Items test data added!
2024-08-06 12:13:31,676 - flask_app - INFO - Deleted 2 rows from Admin table.
2024-08-06 12:13:31,939 - flask_app - INFO - Admins test data added!
2024-08-06 12:13:31,962 - flask_app - INFO - Deleted 2 rows from Member table.
2024-08-06 12:13:32,083 - flask_app - INFO - Members test data added!
